# JRE version: OpenJDK Runtime Environment (11.0.13) (build 11.0.13+0-b1751.21-8125866)
# Java VM: OpenJDK 64-Bit Server VM (11.0.13+0-b1751.21-8125866, mixed mode, tiered, compressed oops, g1 gc, windows-amd64)
Heap:
 garbage-first heap   total 575488K, used 263168K [0x00000000a0000000, 0x0000000100000000)
  region size 1024K, 3 young (3072K), 3 survivors (3072K)
 Metaspace       used 127402K, capacity 130826K, committed 131100K, reserved 1163264K
  class space    used 15746K, capacity 16964K, committed 17024K, reserved 1048576K
GC Heap History (20 events):
Event: 454.345 GC heap after
{Heap after GC invocations=93 (full 0):
 garbage-first heap   total 273408K, used 197673K [0x00000000a0000000, 0x0000000100000000)
  region size 1024K, 4 young (4096K), 4 survivors (4096K)
 Metaspace       used 124401K, capacity 127733K, committed 128028K, reserved 1161216K
  class space    used 15200K, capacity 16409K, committed 16512K, reserved 1048576K
}
Event: 454.585 GC heap before
{Heap before GC invocations=93 (full 0):
 garbage-first heap   total 273408K, used 239657K [0x00000000a0000000, 0x0000000100000000)
  region size 1024K, 27 young (27648K), 4 survivors (4096K)
 Metaspace       used 124663K, capacity 128034K, committed 128284K, reserved 1161216K
  class space    used 15241K, capacity 16445K, committed 16512K, reserved 1048576K
}
Event: 454.590 GC heap after
{Heap after GC invocations=94 (full 0):
 garbage-first heap   total 273408K, used 205478K [0x00000000a0000000, 0x0000000100000000)
  region size 1024K, 2 young (2048K), 2 survivors (2048K)
 Metaspace       used 124663K, capacity 128034K, committed 128284K, reserved 1161216K
  class space    used 15241K, capacity 16445K, committed 16512K, reserved 1048576K
}
Event: 454.962 GC heap before
{Heap before GC invocations=94 (full 0):
 garbage-first heap   total 273408K, used 225958K [0x00000000a0000000, 0x0000000100000000)
  region size 1024K, 23 young (23552K), 2 survivors (2048K)
 Metaspace       used 124768K, capacity 128178K, committed 128284K, reserved 1161216K
  class space    used 15249K, capacity 16450K, committed 16512K, reserved 1048576K
}
Event: 454.975 GC heap after
{Heap after GC invocations=95 (full 0):
 garbage-first heap   total 273408K, used 210125K [0x00000000a0000000, 0x0000000100000000)
  region size 1024K, 3 young (3072K), 3 survivors (3072K)
 Metaspace       used 124768K, capacity 128178K, committed 128284K, reserved 1161216K
  class space    used 15249K, capacity 16450K, committed 16512K, reserved 1048576K
}
Event: 455.217 GC heap before
{Heap before GC invocations=96 (full 0):
 garbage-first heap   total 273408K, used 228557K [0x00000000a0000000, 0x0000000100000000)
  region size 1024K, 22 young (22528K), 3 survivors (3072K)
 Metaspace       used 124821K, capacity 128205K, committed 128284K, reserved 1161216K
  class space    used 15261K, capacity 16462K, committed 16512K, reserved 1048576K
}
Event: 455.244 GC heap after
{Heap after GC invocations=97 (full 0):
 garbage-first heap   total 273408K, used 217759K [0x00000000a0000000, 0x0000000100000000)
  region size 1024K, 3 young (3072K), 3 survivors (3072K)
 Metaspace       used 124821K, capacity 128205K, committed 128284K, reserved 1161216K
  class space    used 15261K, capacity 16462K, committed 16512K, reserved 1048576K
}
Event: 455.365 GC heap before
{Heap before GC invocations=97 (full 0):
 garbage-first heap   total 273408K, used 229023K [0x00000000a0000000, 0x0000000100000000)
  region size 1024K, 13 young (13312K), 3 survivors (3072K)
 Metaspace       used 124821K, capacity 128205K, committed 128284K, reserved 1161216K
  class space    used 15261K, capacity 16462K, committed 16512K, reserved 1048576K
}
Event: 455.389 GC heap after
{Heap after GC invocations=98 (full 0):
 garbage-first heap   total 273408K, used 222208K [0x00000000a0000000, 0x0000000100000000)
  region size 1024K, 2 young (2048K), 2 survivors (2048K)
 Metaspace       used 124821K, capacity 128205K, committed 128284K, reserved 1161216K
  class space    used 15261K, capacity 16462K, committed 16512K, reserved 1048576K
}
Event: 455.416 GC heap before
{Heap before GC invocations=98 (full 0):
 garbage-first heap   total 273408K, used 225280K [0x00000000a0000000, 0x0000000100000000)
  region size 1024K, 6 young (6144K), 2 survivors (2048K)
 Metaspace       used 124821K, capacity 128205K, committed 128284K, reserved 1161216K
  class space    used 15261K, capacity 16462K, committed 16512K, reserved 1048576K
}
Event: 455.433 GC heap after
{Heap after GC invocations=99 (full 0):
 garbage-first heap   total 273408K, used 224600K [0x00000000a0000000, 0x0000000100000000)
  region size 1024K, 2 young (2048K), 2 survivors (2048K)
 Metaspace       used 124821K, capacity 128205K, committed 128284K, reserved 1161216K
  class space    used 15261K, capacity 16462K, committed 16512K, reserved 1048576K
}
Event: 455.895 GC heap before
{Heap before GC invocations=99 (full 0):
 garbage-first heap   total 273408K, used 237912K [0x00000000a0000000, 0x0000000100000000)
  region size 1024K, 13 young (13312K), 2 survivors (2048K)
 Metaspace       used 126948K, capacity 130394K, committed 130588K, reserved 1163264K
  class space    used 15714K, capacity 16956K, committed 17024K, reserved 1048576K
}
Event: 455.915 GC heap after
{Heap after GC invocations=100 (full 0):
 garbage-first heap   total 325632K, used 227387K [0x00000000a0000000, 0x0000000100000000)
  region size 1024K, 2 young (2048K), 2 survivors (2048K)
 Metaspace       used 126948K, capacity 130394K, committed 130588K, reserved 1163264K
  class space    used 15714K, capacity 16956K, committed 17024K, reserved 1048576K
}
Event: 456.587 GC heap before
{Heap before GC invocations=101 (full 0):
 garbage-first heap   total 325632K, used 252987K [0x00000000a0000000, 0x0000000100000000)
  region size 1024K, 28 young (28672K), 2 survivors (2048K)
 Metaspace       used 127319K, capacity 130755K, committed 130844K, reserved 1163264K
  class space    used 15745K, capacity 16963K, committed 17024K, reserved 1048576K
}
Event: 456.621 GC heap after
{Heap after GC invocations=102 (full 0):
 garbage-first heap   total 325632K, used 239988K [0x00000000a0000000, 0x0000000100000000)
  region size 1024K, 4 young (4096K), 4 survivors (4096K)
 Metaspace       used 127319K, capacity 130755K, committed 130844K, reserved 1163264K
  class space    used 15745K, capacity 16963K, committed 17024K, reserved 1048576K
}
Event: 456.729 GC heap before
{Heap before GC invocations=102 (full 0):
 garbage-first heap   total 325632K, used 251252K [0x00000000a0000000, 0x0000000100000000)
  region size 1024K, 15 young (15360K), 4 survivors (4096K)
 Metaspace       used 127342K, capacity 130759K, committed 130844K, reserved 1163264K
  class space    used 15746K, capacity 16964K, committed 17024K, reserved 1048576K
}
Event: 456.776 GC heap after
{Heap after GC invocations=103 (full 0):
 garbage-first heap   total 325632K, used 243491K [0x00000000a0000000, 0x0000000100000000)
  region size 1024K, 2 young (2048K), 2 survivors (2048K)
 Metaspace       used 127342K, capacity 130759K, committed 130844K, reserved 1163264K
  class space    used 15746K, capacity 16964K, committed 17024K, reserved 1048576K
}
Event: 457.007 GC heap before
{Heap before GC invocations=103 (full 0):
 garbage-first heap   total 325632K, used 263971K [0x00000000a0000000, 0x0000000100000000)
  region size 1024K, 22 young (22528K), 2 survivors (2048K)
 Metaspace       used 127392K, capacity 130826K, committed 131100K, reserved 1163264K
  class space    used 15746K, capacity 16964K, committed 17024K, reserved 1048576K
}
Event: 457.039 GC heap after
{Heap after GC invocations=104 (full 0):
 garbage-first heap   total 325632K, used 254375K [0x00000000a0000000, 0x0000000100000000)
  region size 1024K, 3 young (3072K), 3 survivors (3072K)
 Metaspace       used 127392K, capacity 130826K, committed 131100K, reserved 1163264K
  class space    used 15746K, capacity 16964K, committed 17024K, reserved 1048576K
}
Event: 457.341 GC heap before
{Heap before GC invocations=104 (full 0):
 garbage-first heap   total 325632K, used 270759K [0x00000000a0000000, 0x0000000100000000)
  region size 1024K, 19 young (19456K), 3 survivors (3072K)
 Metaspace       used 127402K, capacity 130826K, committed 131100K, reserved 1163264K
  class space    used 15746K, capacity 16964K, committed 17024K, reserved 1048576K
}

